[egor@vzpn 04]$ coverage run test_custom_meta.py
...
----------------------------------------------------------------------
Ran 3 tests in 0.004s

OK
[egor@vzpn 04]$ coverage report -m
Name                  Stmts   Miss  Cover   Missing
---------------------------------------------------
custom_meta.py           21      0   100%
test_custom_meta.py      37      0   100%
---------------------------------------------------
TOTAL                    58      0   100%
[egor@vzpn 04]$ coverage run test_descriptors.py
.....
----------------------------------------------------------------------
Ran 5 tests in 0.003s

OK
[egor@vzpn 04]$ coverage report -m
Name                  Stmts   Miss  Cover   Missing
---------------------------------------------------
descriptors.py           27      0   100%
test_descriptors.py      38      0   100%
---------------------------------------------------
TOTAL                    65      0   100%
[egor@vzpn 04]$
